<?xml version="1.0" encoding="UTF-8"?>
<testsuite xmlns:xsi="http://www.w3.org/2001/XMLSchema-instance" xsi:noNamespaceSchemaLocation="https://maven.apache.org/surefire/maven-surefire-plugin/xsd/surefire-test-report.xsd" version="3.0.2" name="com.orionkey.OrionKeyApplicationTests" time="9.048" tests="1" errors="0" skipped="0" failures="0">
  <properties>
[...]
</properties>
  <testcase name="contextLoads" classname="com.orionkey.OrionKeyApplicationTests" time="0.022">
    <system-out><![CDATA[19:02:47.751 [main] INFO org.springframework.test.context.support.AnnotationConfigContextLoaderUtils -- Could not detect default configuration classes for test class [com.orionkey.OrionKeyApplicationTests]: OrionKeyApplicationTests does not declare any static, non-private, non-final, nested classes annotated with @Configuration.
19:02:47.893 [main] INFO org.springframework.boot.test.context.SpringBootTestContextBootstrapper -- Found @SpringBootConfiguration com.orionkey.OrionKeyApplication for test class com.orionkey.OrionKeyApplicationTests

  .   ____          _            __ _ _
 /\\ / ___'_ __ _ _(_)_ __  __ _ \ \ \ \
( ( )\___ | '_ | '_| | '_ \/ _` | \ \ \ \
 \\/  ___)| |_)| | | | | || (_| |  ) ) ) )
  '  |____| .__|_| |_|_| |_\__, | / / / /
 =========|_|==============|___/=/_/_/_/

 :: Spring Boot ::                (v3.4.1)

2026-05-17T19:02:48.562+08:00  INFO 20688 --- [           main] com.orionkey.OrionKeyApplicationTests    : Starting OrionKeyApplicationTests using Java 21.0.11 with PID 20688 (started by Broly in E:\java_code\orion-key\apps\api)
2026-05-17T19:02:48.563+08:00 DEBUG 20688 --- [           main] com.orionkey.OrionKeyApplicationTests    : Running with Spring Boot v3.4.1, Spring v6.2.1
2026-05-17T19:02:48.563+08:00  INFO 20688 --- [           main] com.orionkey.OrionKeyApplicationTests    : No active profile set, falling back to 1 default profile: "default"
2026-05-17T19:02:49.184+08:00  INFO 20688 --- [           main] .s.d.r.c.RepositoryConfigurationDelegate : Bootstrapping Spring Data JPA repositories in DEFAULT mode.
2026-05-17T19:02:49.288+08:00  INFO 20688 --- [           main] .s.d.r.c.RepositoryConfigurationDelegate : Finished Spring Data repository scanning in 95 ms. Found 18 JPA repository interfaces.
2026-05-17T19:02:51.180+08:00  INFO 20688 --- [           main] o.hibernate.jpa.internal.util.LogHelper  : HHH000204: Processing PersistenceUnitInfo [name: default]
2026-05-17T19:02:51.241+08:00  INFO 20688 --- [           main] org.hibernate.Version                    : HHH000412: Hibernate ORM core version 6.6.4.Final
2026-05-17T19:02:51.306+08:00  INFO 20688 --- [           main] o.h.c.internal.RegionFactoryInitiator    : HHH000026: Second-level cache disabled
2026-05-17T19:02:51.624+08:00  INFO 20688 --- [           main] o.s.o.j.p.SpringPersistenceUnitInfo      : No LoadTimeWeaver setup: ignoring JPA class transformer
2026-05-17T19:02:51.662+08:00  INFO 20688 --- [           main] com.zaxxer.hikari.HikariDataSource       : HikariPool-1 - Starting...
2026-05-17T19:02:51.877+08:00  INFO 20688 --- [           main] com.zaxxer.hikari.pool.HikariPool        : HikariPool-1 - Added connection conn0: url=jdbc:h2:mem:testdb user=SA
2026-05-17T19:02:51.878+08:00  INFO 20688 --- [           main] com.zaxxer.hikari.HikariDataSource       : HikariPool-1 - Start completed.
2026-05-17T19:02:51.928+08:00  INFO 20688 --- [           main] org.hibernate.orm.connections.pooling    : HHH10001005: Database info:
	Database JDBC URL [Connecting through datasource 'HikariDataSource (HikariPool-1)']
	Database driver: undefined/unknown
	Database version: 2.3.232
	Autocommit mode: undefined/unknown
	Isolation level: undefined/unknown
	Minimum pool size: undefined/unknown
	Maximum pool size: undefined/unknown
2026-05-17T19:02:53.194+08:00  INFO 20688 --- [           main] o.h.e.t.j.p.i.JtaPlatformInitiator       : HHH000489: No JTA platform available (set 'hibernate.transaction.jta.platform' to enable JTA platform integration)
2026-05-17T19:02:53.269+08:00  INFO 20688 --- [           main] j.LocalContainerEntityManagerFactoryBean : Initialized JPA EntityManagerFactory for persistence unit 'default'
2026-05-17T19:02:53.957+08:00  INFO 20688 --- [           main] o.s.d.j.r.query.QueryEnhancerFactory     : Hibernate is in classpath; If applicable, HQL parser will be used.
2026-05-17T19:02:55.901+08:00  INFO 20688 --- [           main] c.orionkey.controller.UploadController   : Upload directory resolved to: E:\java_code\orion-key\apps\api\test-uploads
2026-05-17T19:02:55.971+08:00  WARN 20688 --- [           main] .s.s.UserDetailsServiceAutoConfiguration : 

Using generated security password: f5cd5def-66c5-4334-a5ee-0fefa2413bf5

This generated password is for development use only. Your security configuration must be updated before running your application in production.

2026-05-17T19:02:55.979+08:00  INFO 20688 --- [           main] r$InitializeUserDetailsManagerConfigurer : Global AuthenticationManager configured with UserDetailsService bean with name inMemoryUserDetailsManager
2026-05-17T19:02:56.589+08:00  INFO 20688 --- [           main] com.orionkey.OrionKeyApplicationTests    : Started OrionKeyApplicationTests in 8.522 seconds (process running for 9.373)
]]></system-out>
    <system-err><![CDATA[Mockito is currently self-attaching to enable the inline-mock-maker. This will no longer work in future releases of the JDK. Please add Mockito as an agent to your build what is described in Mockito's documentation: https://javadoc.io/doc/org.mockito/mockito-core/latest/org/mockito/Mockito.html#0.3
WARNING: A Java agent has been loaded dynamically (C:\Users\Broly\.m2\repository\net\bytebuddy\byte-buddy-agent\1.15.11\byte-buddy-agent-1.15.11.jar)
WARNING: If a serviceability tool is in use, please run with -XX:+EnableDynamicAgentLoading to hide this warning
WARNING: If a serviceability tool is not in use, please run with -Djdk.instrument.traceUsage for more information
WARNING: Dynamic loading of agents will be disallowed by default in a future release
]]></system-err>
  </testcase>
</testsuite>